<?xml version="1.0" encoding="UTF-8"?>
<testsuite name="tv.codely.mooc.courses.application.create.CreateCourseCommandHandlerShould" tests="1" skipped="0" failures="0" errors="0" timestamp="2020-11-24T17:43:50" hostname="alvaro-lenovo" time="1.31">
  <properties/>
  <testcase name="create_a_valid_course()" classname="tv.codely.mooc.courses.application.create.CreateCourseCommandHandlerShould" time="1.31"/>
  <system-out><![CDATA[]]></system-out>
  <system-err><![CDATA[]]></system-err>
</testsuite>
